Initialized native services in: C:\Users\nguyenminhduc3\.gradle\native
Initialized jansi services in: C:\Users\nguyenminhduc3\.gradle\native
Received JVM installation metadata from 'C:\DEV\SCOOP\apps\temurin17-jdk\current': {JAVA_HOME=C:\DEV\SCOOP\apps\temurin17-jdk\current, JAVA_VERSION=17.0.14, JAVA_VENDOR=Eclipse Adoptium, RUNTIME_NAME=OpenJDK Runtime Environment, RUNTIME_VERSION=17.0.14+7, VM_NAME=OpenJDK 64-Bit Server VM, VM_VERSION=17.0.14+7, VM_VENDOR=Eclipse Adoptium, OS_ARCH=amd64}
The client will now receive all logging from the daemon (pid: 26560). The daemon log file: C:\Users\nguyenminhduc3\.gradle\daemon\8.10\daemon-26560.out.log
Starting 15th build in daemon [uptime: 4 hrs 53 mins 45.647 secs, performance: 100%, GC rate: 0.00/s, heap usage: 3% of 2 GiB, non-heap usage: 17% of 512 MiB]
Using 8 worker leases.
Configuration on demand is an incubating feature.
Now considering [C:\DDrive\projects\java\luckydraw-roo] as hierarchies to watch
Watching the file system is configured to be enabled if available
File system watching is active
Starting Build
Settings evaluated using settings file 'C:\DDrive\projects\java\luckydraw-roo\settings.gradle'.
Using local directory build cache for the root build (location = C:\Users\nguyenminhduc3\.gradle\caches\build-cache-1, removeUnusedEntriesAfter = 7 days).
Type-safe project accessors is an incubating feature.
Projects loaded. Root project using build file 'C:\DDrive\projects\java\luckydraw-roo\build.gradle'.
Included projects: [root project 'luckydraw-roo', project ':controller', project ':entity', project ':repository', project ':security', project ':service']
Task path ':entity:test' matched project ':entity'

> Configure project :
Evaluating root project 'luckydraw-roo' using build file 'C:\DDrive\projects\java\luckydraw-roo\build.gradle'.
Transforming spring-boot-gradle-plugin-3.2.0.jar (org.springframework.boot:spring-boot-gradle-plugin:3.2.0) with InstrumentationAnalysisTransform
Transforming dependency-management-plugin-1.1.4.jar (io.spring.gradle:dependency-management-plugin:1.1.4) with InstrumentationAnalysisTransform
Transforming spring-boot-buildpack-platform-3.2.0.jar (org.springframework.boot:spring-boot-buildpack-platform:3.2.0) with InstrumentationAnalysisTransform
Transforming spring-boot-loader-tools-3.2.0.jar (org.springframework.boot:spring-boot-loader-tools:3.2.0) with InstrumentationAnalysisTransform
Transforming commons-compress-1.23.0.jar (org.apache.commons:commons-compress:1.23.0) with InstrumentationAnalysisTransform
Transforming spring-core-6.0.10.jar (org.springframework:spring-core:6.0.10) with InstrumentationAnalysisTransform
Transforming jackson-annotations-2.14.2.jar (com.fasterxml.jackson.core:jackson-annotations:2.14.2) with InstrumentationAnalysisTransform
Transforming jackson-core-2.14.2.jar (com.fasterxml.jackson.core:jackson-core:2.14.2) with InstrumentationAnalysisTransform
Transforming jackson-module-parameter-names-2.14.2.jar (com.fasterxml.jackson.module:jackson-module-parameter-names:2.14.2) with InstrumentationAnalysisTransform
Transforming jackson-databind-2.14.2.jar (com.fasterxml.jackson.core:jackson-databind:2.14.2) with InstrumentationAnalysisTransform
Transforming jna-platform-5.13.0.jar (net.java.dev.jna:jna-platform:5.13.0) with InstrumentationAnalysisTransform
Transforming httpclient5-5.2.1.jar (org.apache.httpcomponents.client5:httpclient5:5.2.1) with InstrumentationAnalysisTransform
Transforming tomlj-1.0.0.jar (org.tomlj:tomlj:1.0.0) with InstrumentationAnalysisTransform
Transforming spring-jcl-6.0.10.jar (org.springframework:spring-jcl:6.0.10) with InstrumentationAnalysisTransform
Transforming jna-5.13.0.jar (net.java.dev.jna:jna:5.13.0) with InstrumentationAnalysisTransform
Transforming httpcore5-h2-5.2.jar (org.apache.httpcomponents.core5:httpcore5-h2:5.2) with InstrumentationAnalysisTransform
Transforming httpcore5-5.2.jar (org.apache.httpcomponents.core5:httpcore5:5.2) with InstrumentationAnalysisTransform
Transforming slf4j-api-1.7.36.jar (org.slf4j:slf4j-api:1.7.36) with InstrumentationAnalysisTransform
Transforming antlr4-runtime-4.7.2.jar (org.antlr:antlr4-runtime:4.7.2) with InstrumentationAnalysisTransform
Transforming jsr305-3.0.2.jar (com.google.code.findbugs:jsr305:3.0.2) with InstrumentationAnalysisTransform
Transforming spring-boot-gradle-plugin-3.2.0.jar (org.springframework.boot:spring-boot-gradle-plugin:3.2.0) with InstrumentationAnalysisTransform
Transforming spring-boot-gradle-plugin-3.2.0.jar (org.springframework.boot:spring-boot-gradle-plugin:3.2.0) with MergeInstrumentationAnalysisTransform
Transforming dependency-management-plugin-1.1.4.jar (io.spring.gradle:dependency-management-plugin:1.1.4) with InstrumentationAnalysisTransform
Transforming dependency-management-plugin-1.1.4.jar (io.spring.gradle:dependency-management-plugin:1.1.4) with MergeInstrumentationAnalysisTransform
Transforming spring-boot-buildpack-platform-3.2.0.jar (org.springframework.boot:spring-boot-buildpack-platform:3.2.0) with InstrumentationAnalysisTransform
Transforming spring-boot-buildpack-platform-3.2.0.jar (org.springframework.boot:spring-boot-buildpack-platform:3.2.0) with MergeInstrumentationAnalysisTransform
Transforming spring-boot-gradle-plugin-3.2.0.jar (org.springframework.boot:spring-boot-gradle-plugin:3.2.0) with ExternalDependencyInstrumentingArtifactTransform
Transforming dependency-management-plugin-1.1.4.jar (io.spring.gradle:dependency-management-plugin:1.1.4) with ExternalDependencyInstrumentingArtifactTransform
Transforming spring-boot-loader-tools-3.2.0.jar (org.springframework.boot:spring-boot-loader-tools:3.2.0) with InstrumentationAnalysisTransform
Transforming spring-boot-loader-tools-3.2.0.jar (org.springframework.boot:spring-boot-loader-tools:3.2.0) with MergeInstrumentationAnalysisTransform
Transforming spring-boot-buildpack-platform-3.2.0.jar (org.springframework.boot:spring-boot-buildpack-platform:3.2.0) with ExternalDependencyInstrumentingArtifactTransform
Transforming commons-compress-1.23.0.jar (org.apache.commons:commons-compress:1.23.0) with InstrumentationAnalysisTransform
Transforming commons-compress-1.23.0.jar (org.apache.commons:commons-compress:1.23.0) with MergeInstrumentationAnalysisTransform
Transforming spring-core-6.0.10.jar (org.springframework:spring-core:6.0.10) with InstrumentationAnalysisTransform
Transforming spring-boot-loader-tools-3.2.0.jar (org.springframework.boot:spring-boot-loader-tools:3.2.0) with ExternalDependencyInstrumentingArtifactTransform
Transforming spring-core-6.0.10.jar (org.springframework:spring-core:6.0.10) with MergeInstrumentationAnalysisTransform
Transforming commons-compress-1.23.0.jar (org.apache.commons:commons-compress:1.23.0) with ExternalDependencyInstrumentingArtifactTransform
Transforming jackson-annotations-2.14.2.jar (com.fasterxml.jackson.core:jackson-annotations:2.14.2) with InstrumentationAnalysisTransform
Transforming jackson-annotations-2.14.2.jar (com.fasterxml.jackson.core:jackson-annotations:2.14.2) with MergeInstrumentationAnalysisTransform
Transforming spring-core-6.0.10.jar (org.springframework:spring-core:6.0.10) with ExternalDependencyInstrumentingArtifactTransform
Transforming jackson-core-2.14.2.jar (com.fasterxml.jackson.core:jackson-core:2.14.2) with InstrumentationAnalysisTransform
Transforming jackson-core-2.14.2.jar (com.fasterxml.jackson.core:jackson-core:2.14.2) with MergeInstrumentationAnalysisTransform
Transforming jackson-module-parameter-names-2.14.2.jar (com.fasterxml.jackson.module:jackson-module-parameter-names:2.14.2) with InstrumentationAnalysisTransform
Transforming jackson-annotations-2.14.2.jar (com.fasterxml.jackson.core:jackson-annotations:2.14.2) with ExternalDependencyInstrumentingArtifactTransform
Transforming jackson-core-2.14.2.jar (com.fasterxml.jackson.core:jackson-core:2.14.2) with ExternalDependencyInstrumentingArtifactTransform
Transforming jackson-module-parameter-names-2.14.2.jar (com.fasterxml.jackson.module:jackson-module-parameter-names:2.14.2) with MergeInstrumentationAnalysisTransform
Transforming jackson-databind-2.14.2.jar (com.fasterxml.jackson.core:jackson-databind:2.14.2) with InstrumentationAnalysisTransform
Transforming jackson-databind-2.14.2.jar (com.fasterxml.jackson.core:jackson-databind:2.14.2) with MergeInstrumentationAnalysisTransform
Transforming jna-platform-5.13.0.jar (net.java.dev.jna:jna-platform:5.13.0) with InstrumentationAnalysisTransform
Transforming jna-platform-5.13.0.jar (net.java.dev.jna:jna-platform:5.13.0) with MergeInstrumentationAnalysisTransform
Transforming httpclient5-5.2.1.jar (org.apache.httpcomponents.client5:httpclient5:5.2.1) with InstrumentationAnalysisTransform
Transforming jackson-module-parameter-names-2.14.2.jar (com.fasterxml.jackson.module:jackson-module-parameter-names:2.14.2) with ExternalDependencyInstrumentingArtifactTransform
Transforming jackson-databind-2.14.2.jar (com.fasterxml.jackson.core:jackson-databind:2.14.2) with ExternalDependencyInstrumentingArtifactTransform
Transforming httpclient5-5.2.1.jar (org.apache.httpcomponents.client5:httpclient5:5.2.1) with MergeInstrumentationAnalysisTransform
Transforming jna-platform-5.13.0.jar (net.java.dev.jna:jna-platform:5.13.0) with ExternalDependencyInstrumentingArtifactTransform
Transforming httpclient5-5.2.1.jar (org.apache.httpcomponents.client5:httpclient5:5.2.1) with ExternalDependencyInstrumentingArtifactTransform
Transforming tomlj-1.0.0.jar (org.tomlj:tomlj:1.0.0) with InstrumentationAnalysisTransform
Transforming tomlj-1.0.0.jar (org.tomlj:tomlj:1.0.0) with MergeInstrumentationAnalysisTransform
Transforming spring-jcl-6.0.10.jar (org.springframework:spring-jcl:6.0.10) with InstrumentationAnalysisTransform
Transforming spring-jcl-6.0.10.jar (org.springframework:spring-jcl:6.0.10) with MergeInstrumentationAnalysisTransform
Transforming jna-5.13.0.jar (net.java.dev.jna:jna:5.13.0) with InstrumentationAnalysisTransform
Transforming jna-5.13.0.jar (net.java.dev.jna:jna:5.13.0) with MergeInstrumentationAnalysisTransform
Transforming httpcore5-h2-5.2.jar (org.apache.httpcomponents.core5:httpcore5-h2:5.2) with InstrumentationAnalysisTransform
Transforming tomlj-1.0.0.jar (org.tomlj:tomlj:1.0.0) with ExternalDependencyInstrumentingArtifactTransform
Transforming spring-jcl-6.0.10.jar (org.springframework:spring-jcl:6.0.10) with ExternalDependencyInstrumentingArtifactTransform
Transforming jna-5.13.0.jar (net.java.dev.jna:jna:5.13.0) with ExternalDependencyInstrumentingArtifactTransform
Transforming httpcore5-h2-5.2.jar (org.apache.httpcomponents.core5:httpcore5-h2:5.2) with MergeInstrumentationAnalysisTransform
Transforming httpcore5-5.2.jar (org.apache.httpcomponents.core5:httpcore5:5.2) with InstrumentationAnalysisTransform
Transforming httpcore5-5.2.jar (org.apache.httpcomponents.core5:httpcore5:5.2) with MergeInstrumentationAnalysisTransform
Transforming slf4j-api-1.7.36.jar (org.slf4j:slf4j-api:1.7.36) with InstrumentationAnalysisTransform
Transforming httpcore5-h2-5.2.jar (org.apache.httpcomponents.core5:httpcore5-h2:5.2) with ExternalDependencyInstrumentingArtifactTransform
Transforming slf4j-api-1.7.36.jar (org.slf4j:slf4j-api:1.7.36) with MergeInstrumentationAnalysisTransform
Transforming httpcore5-5.2.jar (org.apache.httpcomponents.core5:httpcore5:5.2) with ExternalDependencyInstrumentingArtifactTransform
Transforming antlr4-runtime-4.7.2.jar (org.antlr:antlr4-runtime:4.7.2) with InstrumentationAnalysisTransform
Transforming slf4j-api-1.7.36.jar (org.slf4j:slf4j-api:1.7.36) with ExternalDependencyInstrumentingArtifactTransform
Transforming antlr4-runtime-4.7.2.jar (org.antlr:antlr4-runtime:4.7.2) with MergeInstrumentationAnalysisTransform
Transforming jsr305-3.0.2.jar (com.google.code.findbugs:jsr305:3.0.2) with InstrumentationAnalysisTransform
Transforming jsr305-3.0.2.jar (com.google.code.findbugs:jsr305:3.0.2) with MergeInstrumentationAnalysisTransform
Transforming antlr4-runtime-4.7.2.jar (org.antlr:antlr4-runtime:4.7.2) with ExternalDependencyInstrumentingArtifactTransform
Transforming jsr305-3.0.2.jar (com.google.code.findbugs:jsr305:3.0.2) with ExternalDependencyInstrumentingArtifactTransform
Applying dependency management to configuration 'annotationProcessor' in project 'controller'
Applying dependency management to configuration 'apiElements' in project 'controller'
Applying dependency management to configuration 'archives' in project 'controller'
Applying dependency management to configuration 'compileClasspath' in project 'controller'
Applying dependency management to configuration 'compileOnly' in project 'controller'
Applying dependency management to configuration 'default' in project 'controller'
Applying dependency management to configuration 'implementation' in project 'controller'
Applying dependency management to configuration 'mainSourceElements' in project 'controller'
Applying dependency management to configuration 'runtimeClasspath' in project 'controller'
Applying dependency management to configuration 'runtimeElements' in project 'controller'
Applying dependency management to configuration 'runtimeOnly' in project 'controller'
Applying dependency management to configuration 'testAnnotationProcessor' in project 'controller'
Applying dependency management to configuration 'testCompileClasspath' in project 'controller'
Applying dependency management to configuration 'testCompileOnly' in project 'controller'
Applying dependency management to configuration 'testImplementation' in project 'controller'
Applying dependency management to configuration 'testResultsElementsForTest' in project 'controller'
Applying dependency management to configuration 'testRuntimeClasspath' in project 'controller'
Applying dependency management to configuration 'testRuntimeOnly' in project 'controller'
Applying dependency management to configuration 'developmentOnly' in project 'controller'
Applying dependency management to configuration 'annotationProcessor' in project 'entity'
Applying dependency management to configuration 'apiElements' in project 'entity'
Applying dependency management to configuration 'archives' in project 'entity'
Applying dependency management to configuration 'compileClasspath' in project 'entity'
Applying dependency management to configuration 'compileOnly' in project 'entity'
Applying dependency management to configuration 'default' in project 'entity'
Applying dependency management to configuration 'implementation' in project 'entity'
Applying dependency management to configuration 'mainSourceElements' in project 'entity'
Applying dependency management to configuration 'runtimeClasspath' in project 'entity'
Applying dependency management to configuration 'runtimeElements' in project 'entity'
Applying dependency management to configuration 'runtimeOnly' in project 'entity'
Applying dependency management to configuration 'testAnnotationProcessor' in project 'entity'
Applying dependency management to configuration 'testCompileClasspath' in project 'entity'
Applying dependency management to configuration 'testCompileOnly' in project 'entity'
Applying dependency management to configuration 'testImplementation' in project 'entity'
Applying dependency management to configuration 'testResultsElementsForTest' in project 'entity'
Applying dependency management to configuration 'testRuntimeClasspath' in project 'entity'
Applying dependency management to configuration 'testRuntimeOnly' in project 'entity'
Applying dependency management to configuration 'developmentOnly' in project 'entity'
Applying dependency management to configuration 'annotationProcessor' in project 'repository'
Applying dependency management to configuration 'apiElements' in project 'repository'
Applying dependency management to configuration 'archives' in project 'repository'
Applying dependency management to configuration 'compileClasspath' in project 'repository'
Applying dependency management to configuration 'compileOnly' in project 'repository'
Applying dependency management to configuration 'default' in project 'repository'
Applying dependency management to configuration 'implementation' in project 'repository'
Applying dependency management to configuration 'mainSourceElements' in project 'repository'
Applying dependency management to configuration 'runtimeClasspath' in project 'repository'
Applying dependency management to configuration 'runtimeElements' in project 'repository'
Applying dependency management to configuration 'runtimeOnly' in project 'repository'
Applying dependency management to configuration 'testAnnotationProcessor' in project 'repository'
Applying dependency management to configuration 'testCompileClasspath' in project 'repository'
Applying dependency management to configuration 'testCompileOnly' in project 'repository'
Applying dependency management to configuration 'testImplementation' in project 'repository'
Applying dependency management to configuration 'testResultsElementsForTest' in project 'repository'
Applying dependency management to configuration 'testRuntimeClasspath' in project 'repository'
Applying dependency management to configuration 'testRuntimeOnly' in project 'repository'
Applying dependency management to configuration 'developmentOnly' in project 'repository'
Applying dependency management to configuration 'annotationProcessor' in project 'security'
Applying dependency management to configuration 'apiElements' in project 'security'
Applying dependency management to configuration 'archives' in project 'security'
Applying dependency management to configuration 'compileClasspath' in project 'security'
Applying dependency management to configuration 'compileOnly' in project 'security'
Applying dependency management to configuration 'default' in project 'security'
Applying dependency management to configuration 'implementation' in project 'security'
Applying dependency management to configuration 'mainSourceElements' in project 'security'
Applying dependency management to configuration 'runtimeClasspath' in project 'security'
Applying dependency management to configuration 'runtimeElements' in project 'security'
Applying dependency management to configuration 'runtimeOnly' in project 'security'
Applying dependency management to configuration 'testAnnotationProcessor' in project 'security'
Applying dependency management to configuration 'testCompileClasspath' in project 'security'
Applying dependency management to configuration 'testCompileOnly' in project 'security'
Applying dependency management to configuration 'testImplementation' in project 'security'
Applying dependency management to configuration 'testResultsElementsForTest' in project 'security'
Applying dependency management to configuration 'testRuntimeClasspath' in project 'security'
Applying dependency management to configuration 'testRuntimeOnly' in project 'security'
Applying dependency management to configuration 'developmentOnly' in project 'security'
Applying dependency management to configuration 'annotationProcessor' in project 'service'
Applying dependency management to configuration 'apiElements' in project 'service'
Applying dependency management to configuration 'archives' in project 'service'
Applying dependency management to configuration 'compileClasspath' in project 'service'
Applying dependency management to configuration 'compileOnly' in project 'service'
Applying dependency management to configuration 'default' in project 'service'
Applying dependency management to configuration 'implementation' in project 'service'
Applying dependency management to configuration 'mainSourceElements' in project 'service'
Applying dependency management to configuration 'runtimeClasspath' in project 'service'
Applying dependency management to configuration 'runtimeElements' in project 'service'
Applying dependency management to configuration 'runtimeOnly' in project 'service'
Applying dependency management to configuration 'testAnnotationProcessor' in project 'service'
Applying dependency management to configuration 'testCompileClasspath' in project 'service'
Applying dependency management to configuration 'testCompileOnly' in project 'service'
Applying dependency management to configuration 'testImplementation' in project 'service'
Applying dependency management to configuration 'testResultsElementsForTest' in project 'service'
Applying dependency management to configuration 'testRuntimeClasspath' in project 'service'
Applying dependency management to configuration 'testRuntimeOnly' in project 'service'
Applying dependency management to configuration 'developmentOnly' in project 'service'
Applying dependency management to configuration 'annotationProcessor' in project 'luckydraw-roo'
Applying dependency management to configuration 'apiElements' in project 'luckydraw-roo'
Applying dependency management to configuration 'archives' in project 'luckydraw-roo'
Applying dependency management to configuration 'bootArchives' in project 'luckydraw-roo'
Applying dependency management to configuration 'compileClasspath' in project 'luckydraw-roo'
Applying dependency management to configuration 'compileOnly' in project 'luckydraw-roo'
Applying dependency management to configuration 'default' in project 'luckydraw-roo'
Applying dependency management to configuration 'developmentOnly' in project 'luckydraw-roo'
Applying dependency management to configuration 'implementation' in project 'luckydraw-roo'
Applying dependency management to configuration 'mainSourceElements' in project 'luckydraw-roo'
Applying dependency management to configuration 'productionRuntimeClasspath' in project 'luckydraw-roo'
Applying dependency management to configuration 'runtimeClasspath' in project 'luckydraw-roo'
Applying dependency management to configuration 'runtimeElements' in project 'luckydraw-roo'
Applying dependency management to configuration 'runtimeOnly' in project 'luckydraw-roo'
Applying dependency management to configuration 'testAndDevelopmentOnly' in project 'luckydraw-roo'
Applying dependency management to configuration 'testAnnotationProcessor' in project 'luckydraw-roo'
Applying dependency management to configuration 'testCompileClasspath' in project 'luckydraw-roo'
Applying dependency management to configuration 'testCompileOnly' in project 'luckydraw-roo'
Applying dependency management to configuration 'testImplementation' in project 'luckydraw-roo'
Applying dependency management to configuration 'testResultsElementsForTest' in project 'luckydraw-roo'
Applying dependency management to configuration 'testRuntimeClasspath' in project 'luckydraw-roo'
Applying dependency management to configuration 'testRuntimeOnly' in project 'luckydraw-roo'

> Configure project :entity
Evaluating project ':entity' using build file 'C:\DDrive\projects\java\luckydraw-roo\entity\build.gradle'.
Applying dependency management to configuration 'api' in project 'entity'
Applying dependency management to configuration 'compileOnlyApi' in project 'entity'
Applying dependency management to configuration 'javadocElements' in project 'entity'
Applying dependency management to configuration 'sourcesElements' in project 'entity'
Task name matched 'test'
Selected primary task 'test' from project :entity
All projects evaluated.
Tasks to be executed: [task ':entity:compileJava', task ':entity:processResources', task ':entity:classes', task ':entity:compileTestJava', task ':entity:processTestResources', task ':entity:testClasses', task ':entity:test']
Tasks that were excluded: []
Resolve mutations for :entity:compileJava (Thread[Execution worker,5,main]) started.
:entity:compileJava (Thread[Execution worker,5,main]) started.

> Task :entity:compileJava
Resolving global dependency management for project 'entity'
Resource missing. [HTTP GET: https://repo.maven.apache.org/maven2/vn/com/fecredit/app/0.0.1-SNAPSHOT-detachedConfiguration52/0.0.1-SNAPSHOT/maven-metadata.xml]
Resource missing. [HTTP GET: https://repo.maven.apache.org/maven2/vn/com/fecredit/app/0.0.1-SNAPSHOT-detachedConfiguration52/0.0.1-SNAPSHOT/0.0.1-SNAPSHOT-detachedConfiguration52-0.0.1-SNAPSHOT.pom]
Excluding []
Resource missing. [HTTP GET: https://repo.maven.apache.org/maven2/vn/com/fecredit/app/0.0.1-SNAPSHOT-detachedConfiguration92/0.0.1-SNAPSHOT/maven-metadata.xml]
Resource missing. [HTTP GET: https://repo.maven.apache.org/maven2/vn/com/fecredit/app/0.0.1-SNAPSHOT-detachedConfiguration92/0.0.1-SNAPSHOT/0.0.1-SNAPSHOT-detachedConfiguration92-0.0.1-SNAPSHOT.pom]
Excluding []
Build cache key for task ':entity:compileJava' is eebe54c243950128fb8ce5f5986165d3
Skipping task ':entity:compileJava' as it is up-to-date.

> Task :entity:compileJava UP-TO-DATE
Resolve mutations for :entity:processResources (Thread[Execution worker,5,main]) started.
:entity:processResources (Thread[Execution worker,5,main]) started.

> Task :entity:processResources UP-TO-DATE
Caching disabled for task ':entity:processResources' because:
  Not worth caching
Skipping task ':entity:processResources' as it is up-to-date.
Resolve mutations for :entity:classes (Thread[Execution worker,5,main]) started.
:entity:classes (Thread[Execution worker Thread 5,5,main]) started.

> Task :entity:classes UP-TO-DATE
Skipping task ':entity:classes' as it has no actions.
Resolve mutations for :entity:compileTestJava (Thread[Execution worker Thread 5,5,main]) started.
:entity:compileTestJava (Thread[Execution worker Thread 5,5,main]) started.

> Task :entity:compileTestJava UP-TO-DATE
Resource missing. [HTTP GET: https://repo.maven.apache.org/maven2/vn/com/fecredit/app/0.0.1-SNAPSHOT-detachedConfiguration94/0.0.1-SNAPSHOT/maven-metadata.xml]
Resource missing. [HTTP GET: https://repo.maven.apache.org/maven2/vn/com/fecredit/app/0.0.1-SNAPSHOT-detachedConfiguration94/0.0.1-SNAPSHOT/0.0.1-SNAPSHOT-detachedConfiguration94-0.0.1-SNAPSHOT.pom]
Excluding []
Resource missing. [HTTP GET: https://repo.maven.apache.org/maven2/vn/com/fecredit/app/0.0.1-SNAPSHOT-detachedConfiguration105/0.0.1-SNAPSHOT/maven-metadata.xml]
Resource missing. [HTTP GET: https://repo.maven.apache.org/maven2/vn/com/fecredit/app/0.0.1-SNAPSHOT-detachedConfiguration105/0.0.1-SNAPSHOT/0.0.1-SNAPSHOT-detachedConfiguration105-0.0.1-SNAPSHOT.pom]
Excluding []
Build cache key for task ':entity:compileTestJava' is 7b829290815c042d2cd305111e2ae641
Skipping task ':entity:compileTestJava' as it is up-to-date.
Resolve mutations for :entity:processTestResources (Thread[Execution worker Thread 5,5,main]) started.
:entity:processTestResources (Thread[Execution worker Thread 5,5,main]) started.

> Task :entity:processTestResources UP-TO-DATE
Caching disabled for task ':entity:processTestResources' because:
  Not worth caching
Skipping task ':entity:processTestResources' as it is up-to-date.
Resolve mutations for :entity:testClasses (Thread[Execution worker Thread 5,5,main]) started.
:entity:testClasses (Thread[Execution worker Thread 5,5,main]) started.

> Task :entity:testClasses UP-TO-DATE
Skipping task ':entity:testClasses' as it has no actions.
Resolve mutations for :entity:test (Thread[Execution worker Thread 5,5,main]) started.
:entity:test (Thread[Execution worker Thread 5,5,main]) started.

> Task :entity:test UP-TO-DATE
Resource missing. [HTTP GET: https://repo.maven.apache.org/maven2/vn/com/fecredit/app/0.0.1-SNAPSHOT-detachedConfiguration107/0.0.1-SNAPSHOT/maven-metadata.xml]
Resource missing. [HTTP GET: https://repo.maven.apache.org/maven2/vn/com/fecredit/app/0.0.1-SNAPSHOT-detachedConfiguration107/0.0.1-SNAPSHOT/0.0.1-SNAPSHOT-detachedConfiguration107-0.0.1-SNAPSHOT.pom]
Excluding []
Build cache key for task ':entity:test' is c71f46dc5e1575fe13197113c137a9c1
Skipping task ':entity:test' as it is up-to-date.

Deprecated Gradle features were used in this build, making it incompatible with Gradle 9.0.

You can use '--warning-mode all' to show the individual deprecation warnings and determine if they come from your own scripts or plugins.

For more on this, please refer to https://docs.gradle.org/8.10/userguide/command_line_interface.html#sec:command_line_warnings in the Gradle documentation.

BUILD SUCCESSFUL in 5s
5 actionable tasks: 5 up-to-date
Watched directory hierarchies: [C:\DDrive\projects\java\luckydraw-roo]
